<?xml version="1.0" encoding="UTF-8"?>
<!-- Generated by org.testng.reporters.JUnitXMLReporter -->
<testsuite ignored="0" hostname="LAPTOP-UD4LBO6R" failures="0" tests="9" name="Test" time="0.078" errors="0" timestamp="2020-04-05T20:11:46 PDT">
  <testcase classname="testPackages.Day3" name="loginAPICarLoan" time="0.008"/>
  <testcase classname="testPackages.Day3" name="mobileloginCarLoan" time="0.002"/>
  <testcase classname="testPackages.Day3" name="webloginCarLoan" time="0.001"/>
  <testcase classname="testPackages.Day4" name="loginAPIHomeLoan" time="0.001"/>
  <testcase classname="testPackages.Day4" name="mobileloginHomeLoan" time="0.001"/>
  <testcase classname="testPackages.Day4" name="webloginHomeLoan" time="0.006"/>
  <testcase classname="testPackages.Day1" name="Demo" time="0.001"/>
  <testcase classname="testPackages.Day1" name="Demo2" time="0.002"/>
  <testcase classname="testPackages.Day2" name="secondclassmethod" time="0.001"/>
</testsuite> <!-- Test -->
