<?xml version="1.0" encoding="UTF-8"?>
<!-- Generated by org.testng.reporters.JUnitXMLReporter -->
<testsuite ignored="1" hostname="LAPTOP-UD4LBO6R" failures="0" tests="2" name="Car Loan" time="0.008" errors="0" timestamp="2020-04-05T21:42:27 PDT">
  <testcase classname="testPackages.Day3" name="loginAPICarLoan" time="0.001"/>
  <testcase classname="testPackages.Day3" name="webloginCarLoan" time="0.002"/>
  <testcase classname="testPackages.Day3" name="mobileloginCarLoan" time="0.0">
    <ignored/>
  </testcase> <!-- mobileloginCarLoan -->
</testsuite> <!-- Car Loan -->
