<?xml version="1.0" encoding="UTF-8"?>
<!-- Generated by org.testng.reporters.JUnitXMLReporter -->
<testsuite ignored="18" hostname="LAPTOP-UD4LBO6R" failures="0" tests="1" name="Credit Card Loan" time="0.004" errors="0" timestamp="2020-04-05T21:42:27 PDT">
  <testcase classname="testPackages.Day5" name="loginAPILoan" time="0.001"/>
  <testcase classname="testPackages.Day5" name="webloginCreditCardLoan12" time="0.0">
    <ignored/>
  </testcase> <!-- webloginCreditCardLoan12 -->
  <testcase classname="testPackages.Day5" name="webloginCreditCardLoan2" time="0.0">
    <ignored/>
  </testcase> <!-- webloginCreditCardLoan2 -->
  <testcase classname="testPackages.Day5" name="webloginCreditCardLoan4" time="0.0">
    <ignored/>
  </testcase> <!-- webloginCreditCardLoan4 -->
  <testcase classname="testPackages.Day5" name="webloginCreditCardLoan3" time="0.0">
    <ignored/>
  </testcase> <!-- webloginCreditCardLoan3 -->
  <testcase classname="testPackages.Day5" name="webloginCreditCard1" time="0.0">
    <ignored/>
  </testcase> <!-- webloginCreditCard1 -->
  <testcase classname="testPackages.Day5" name="webloginCreditCardLoan6" time="0.0">
    <ignored/>
  </testcase> <!-- webloginCreditCardLoan6 -->
  <testcase classname="testPackages.Day5" name="webloginCreditCardLoan8" time="0.0">
    <ignored/>
  </testcase> <!-- webloginCreditCardLoan8 -->
  <testcase classname="testPackages.Day5" name="webloginCreditCardLoan7" time="0.0">
    <ignored/>
  </testcase> <!-- webloginCreditCardLoan7 -->
  <testcase classname="testPackages.Day5" name="webloginCreditCardLoan9" time="0.0">
    <ignored/>
  </testcase> <!-- webloginCreditCardLoan9 -->
  <testcase classname="testPackages.Day5" name="webloginCreditCardLoan11" time="0.0">
    <ignored/>
  </testcase> <!-- webloginCreditCardLoan11 -->
  <testcase classname="testPackages.Day5" name="mobileloginLoan" time="0.0">
    <ignored/>
  </testcase> <!-- mobileloginLoan -->
  <testcase classname="testPackages.Day5" name="webloginCreditCardLoan10" time="0.0">
    <ignored/>
  </testcase> <!-- webloginCreditCardLoan10 -->
  <testcase classname="testPackages.Day5" name="webloginCreditCardLoan13" time="0.0">
    <ignored/>
  </testcase> <!-- webloginCreditCardLoan13 -->
  <testcase classname="testPackages.Day5" name="webloginCreditCardLoan15" time="0.0">
    <ignored/>
  </testcase> <!-- webloginCreditCardLoan15 -->
  <testcase classname="testPackages.Day5" name="webloginCreditCardLoan14" time="0.0">
    <ignored/>
  </testcase> <!-- webloginCreditCardLoan14 -->
  <testcase classname="testPackages.Day5" name="webloginCreditCardLoan17" time="0.0">
    <ignored/>
  </testcase> <!-- webloginCreditCardLoan17 -->
  <testcase classname="testPackages.Day5" name="webloginCreditCardLoan16" time="0.0">
    <ignored/>
  </testcase> <!-- webloginCreditCardLoan16 -->
  <testcase classname="testPackages.Day5" name="webloginCreditCardLoan5" time="0.0">
    <ignored/>
  </testcase> <!-- webloginCreditCardLoan5 -->
</testsuite> <!-- Credit Card Loan -->
