<?xml version="1.0" encoding="UTF-8"?>
<!-- Generated by org.testng.reporters.JUnitXMLReporter -->
<testsuite ignored="0" hostname="LAPTOP-UD4LBO6R" failures="0" tests="3" name="Personal Loan" time="0.011" errors="0" timestamp="2020-04-05T21:42:27 PDT">
  <testcase classname="testPackages.Day1" name="Demo" time="0.001"/>
  <testcase classname="testPackages.Day1" name="Demo2" time="0.002"/>
  <testcase classname="testPackages.Day2" name="secondclassmethod" time="0.002"/>
</testsuite> <!-- Personal Loan -->
