<?xml version="1.0" encoding="UTF-8"?>
<!-- Generated by org.testng.reporters.JUnitXMLReporter -->
<testsuite ignored="0" hostname="LAPTOP-UD4LBO6R" failures="0" tests="3" name="Regression. DependsOnMethod Example" time="0.054" errors="0" timestamp="2020-04-06T02:32:32 PDT">
  <testcase classname="testPackages.Day7" name="loginAPICarLoan" time="0.008"/>
  <testcase classname="testPackages.Day7" name="mobileloginCarLoan" time="0.002"/>
  <testcase classname="testPackages.Day7" name="webloginCarLoan" time="0.001"/>
</testsuite> <!-- Regression. DependsOnMethod Example -->
