<?xml version="1.0" encoding="UTF-8"?>
<testng-results ignored="0" total="3" passed="3" failed="0" skipped="0">
  <reporter-output>
  </reporter-output>
  <suite started-at="2020-04-06T02:32:32 PDT" name="Loan Department" finished-at="2020-04-06T02:32:32 PDT" duration-ms="54">
    <groups>
    </groups>
    <test started-at="2020-04-06T02:32:32 PDT" name="Regression. DependsOnMethod Example" finished-at="2020-04-06T02:32:32 PDT" duration-ms="54">
      <class name="testPackages.Day7">
        <test-method signature="loginAPICarLoan()[pri:0, instance:testPackages.Day7@7a52f2a2]" started-at="2020-04-06T02:32:32 PDT" name="loginAPICarLoan" finished-at="2020-04-06T02:32:32 PDT" duration-ms="8" status="PASS">
          <reporter-output>
          </reporter-output>
        </test-method> <!-- loginAPICarLoan -->
        <test-method signature="mobileloginCarLoan(java.lang.String)[pri:0, instance:testPackages.Day7@7a52f2a2]" started-at="2020-04-06T02:32:32 PDT" name="mobileloginCarLoan" finished-at="2020-04-06T02:32:32 PDT" duration-ms="2" status="PASS">
          <params>
            <param index="0">
              <value>
                <![CDATA[https://www.Google.com]]>
              </value>
            </param>
          </params>
          <reporter-output>
          </reporter-output>
        </test-method> <!-- mobileloginCarLoan -->
        <test-method signature="webloginCarLoan()[pri:0, instance:testPackages.Day7@7a52f2a2]" started-at="2020-04-06T02:32:32 PDT" name="webloginCarLoan" finished-at="2020-04-06T02:32:32 PDT" duration-ms="1" status="PASS">
          <reporter-output>
          </reporter-output>
        </test-method> <!-- webloginCarLoan -->
      </class> <!-- testPackages.Day7 -->
    </test> <!-- Regression. DependsOnMethod Example -->
  </suite> <!-- Loan Department -->
</testng-results>
